  OX퀴즈 B2.cpp
  X보다 작은 수.cpp
  개수 세기 B5.cpp
  공 넣기.cpp
  과제 안 내신 분 B5.cpp
  나머지 B2.cpp
  최댓값 B3.cpp
  최소 최대 B3.cpp
  평균 B1.cpp
C:\Users\Chujer\Desktop\GitHub\CodingTest\BackJoon\Project1\Project1\1차원 배열\평균 B1.cpp(27,16): warning C4244: '인수': 'float'에서 'const unsigned int'(으)로 변환하면서 데이터가 손실될 수 있습니다.
  배수와 약수.cpp
C:\Users\Chujer\Desktop\GitHub\CodingTest\BackJoon\Project1\Project1\배수와 약수.cpp(24,20): warning C4018: '<': signed 또는 unsigned가 일치하지 않습니다.
  색종이.cpp
  세탁소 사장 동혁.cpp
  크로아티아 알파벳.cpp
  약수 구하기.cpp
C:\Users\Chujer\Desktop\GitHub\CodingTest\BackJoon\Project1\Project1\약수 구하기.cpp(24,21): warning C4018: '<': signed 또는 unsigned가 일치하지 않습니다.
  A+B -3 B5.cpp
  A+B-4 B5.cpp
C:\Users\Chujer\Desktop\GitHub\CodingTest\BackJoon\Project1\Project1\입출력과 사칙연산, 반복문\A+B-4 B5.cpp(7,9): error C4996: 'scanf': This function or variable may be unsafe. Consider using scanf_s instead. To disable deprecation, use _CRT_SECURE_NO_WARNINGS. See online help for details.
  A+B-5 B5.cpp
  A+B-7 B5.cpp
  A+B-8 B5.cpp
  구구단 B5.cpp
  코드를 생성하고 있습니다...
  컴파일하고 있습니다...
  꼬마정민.cpp
  더하기 사이클 B1.cpp
  별찍기 2 B4.cpp
  별찍기1 B5.cpp
  빠른 A+B.cpp
  알람 시계.cpp
  영수증.cpp
  오븐 시계.cpp
  주사위 세개 B4.cpp
  코딩은 체육과목 입니다.cpp
  합 B5.cpp
  평균은 넘겠지 B1.cpp
  중앙 이동 알고리즘.cpp
C:\Users\Chujer\Desktop\GitHub\CodingTest\BackJoon\Project1\Project1\중앙 이동 알고리즘.cpp(22,14): warning C4244: '=': 'double'에서 'int'(으)로 변환하면서 데이터가 손실될 수 있습니다.
  진법변환.cpp
  진법변환2'.cpp
  큰 수 A+B.cpp
C:\Users\Chujer\Desktop\GitHub\CodingTest\BackJoon\Project1\Project1\큰 수 A+B.cpp(27,9): warning C4018: '<': signed 또는 unsigned가 일치하지 않습니다.
C:\Users\Chujer\Desktop\GitHub\CodingTest\BackJoon\Project1\Project1\큰 수 A+B.cpp(31,9): warning C4018: '<': signed 또는 unsigned가 일치하지 않습니다.
  터렛.cpp
  달패이는 올라가고 싶다.cpp
  벌집.cpp
  분수.cpp
C:\Users\Chujer\Desktop\GitHub\CodingTest\BackJoon\Project1\Project1\함수\분수.cpp(6,2): error C4996: 'scanf': This function or variable may be unsafe. Consider using scanf_s instead. To disable deprecation, use _CRT_SECURE_NO_WARNINGS. See online help for details.
  코드를 생성하고 있습니다...
  컴파일하고 있습니다...
  셀프 넘버 S5.cpp
  정수 N개의 합 B2.cpp
  행렬 덧셈.cpp
  코드를 생성하고 있습니다...
